<?xml version="1.0" encoding="UTF-8"?>
<!-- Generated by org.testng.reporters.JUnitReportReporter -->
<testsuite skipped="0" hostname="LAB101WD48S2" name="TestNGDemo.Day1" tests="2" failures="0" timestamp="2019-12-09T19:05:14 CAT" time="0.015" errors="0">
  <testcase name="secondTest" time="0.002" classname="TestNGDemo.Day1"/>
  <testcase name="demo" time="0.013" classname="TestNGDemo.Day1"/>
</testsuite> <!-- TestNGDemo.Day1 -->
