<?xml version="1.0" encoding="UTF-8"?>
<!-- Generated by org.testng.reporters.JUnitReportReporter -->
<testsuite skipped="0" hostname="LAB101WD48S2" name="TestNGDemo.Day4" tests="3" failures="0" timestamp="2019-12-09T19:05:14 CAT" time="0.007" errors="0">
  <testcase name="mobileloginHomeloan" time="0.003" classname="TestNGDemo.Day4"/>
  <testcase name="loginAPIHomeloan" time="0.002" classname="TestNGDemo.Day4"/>
  <testcase name="webloginHomeloan" time="0.002" classname="TestNGDemo.Day4"/>
</testsuite> <!-- TestNGDemo.Day4 -->
