<?xml version="1.0" encoding="UTF-8"?>
<!-- Generated by org.testng.reporters.JUnitReportReporter -->
<testsuite skipped="0" hostname="LAB101WD48S2" name="TestNGDemo.Day2" tests="1" failures="0" timestamp="2019-12-09T19:05:14 CAT" time="0.003" errors="0">
  <testcase name="ploan" time="0.003" classname="TestNGDemo.Day2"/>
</testsuite> <!-- TestNGDemo.Day2 -->
