<?xml version="1.0" encoding="UTF-8"?>
<!-- Generated by org.testng.reporters.JUnitReportReporter -->
<testsuite skipped="0" hostname="LAB101WD48S2" name="TestNGDemo.Day3" tests="3" failures="0" timestamp="2019-12-09T19:05:14 CAT" time="0.005" errors="0">
  <testcase name="webloginCarloan" time="0.002" classname="TestNGDemo.Day3"/>
  <testcase name="loginAPIcarloan" time="0.002" classname="TestNGDemo.Day3"/>
  <testcase name="mobileloginCarloan" time="0.001" classname="TestNGDemo.Day3"/>
</testsuite> <!-- TestNGDemo.Day3 -->
